<?xml version="1.0" encoding="UTF-8"?>
<testsuite name="games.game2048.TestGame2048" tests="1" skipped="0" failures="0" errors="0" timestamp="2022-08-02T12:37:39" hostname="HIAGO-MB01" time="0.017">
  <properties/>
  <testcase name="testMoves" classname="games.game2048.TestGame2048" time="0.017"/>
  <system-out><![CDATA[]]></system-out>
  <system-err><![CDATA[]]></system-err>
</testsuite>
